<?xml version="1.0" encoding="UTF-8"?>
<!-- Generated by org.testng.reporters.JUnitReportReporter -->
<testsuite hostname="DESKTOP-M0KR718" failures="0" tests="1" name="com.myproject.testcases.TC_loginAccountTest" time="8.096" errors="0" timestamp="2025-09-11T03:05:29 IST" skipped="0">
  <testcase classname="com.myproject.testcases.TC_loginAccountTest" name="verifyRegistrationLoginPage" time="8.096"/>
</testsuite> <!-- com.myproject.testcases.TC_loginAccountTest -->
