<?xml version="1.0" encoding="UTF-8"?>
<!-- Generated by org.testng.reporters.JUnitReportReporter -->
<testsuite hostname="DESKTOP-M0KR718" failures="0" tests="2" name="com.myproject.testcases.TC_loginAccountTest" time="7.808" errors="1" timestamp="2025-09-09T02:52:51 IST" skipped="1">
  <testcase classname="com.myproject.testcases.TC_loginAccountTest" name="verifyRegistrationLoginPage" time="0.000">
    <skipped/>
  </testcase> <!-- verifyRegistrationLoginPage -->
  <testcase classname="com.myproject.testcases.TC_loginAccountTest" name="setup" time="7.808">
    <error message="No type attribute provided for component properties" type="org.apache.logging.log4j.core.config.ConfigurationException">
      <![CDATA[org.apache.logging.log4j.core.config.ConfigurationException: No type attribute provided for component properties
at org.apache.logging.log4j.core.config.properties.PropertiesConfigurationBuilder.createComponent(PropertiesConfigurationBuilder.java:362)
at org.apache.logging.log4j.core.config.properties.PropertiesConfigurationBuilder.processRemainingProperties(PropertiesConfigurationBuilder.java:206)
at org.apache.logging.log4j.core.config.properties.PropertiesConfigurationBuilder.build(PropertiesConfigurationBuilder.java:190)
at org.apache.logging.log4j.core.config.properties.PropertiesConfigurationFactory.getConfiguration(PropertiesConfigurationFactory.java:56)
at org.apache.logging.log4j.core.config.properties.PropertiesConfigurationFactory.getConfiguration(PropertiesConfigurationFactory.java:34)
at org.apache.logging.log4j.core.config.ConfigurationFactory$Factory.getConfiguration(ConfigurationFactory.java:544)
at org.apache.logging.log4j.core.config.ConfigurationFactory$Factory.getConfiguration(ConfigurationFactory.java:463)
at org.apache.logging.log4j.core.config.ConfigurationFactory.getConfiguration(ConfigurationFactory.java:321)
at org.apache.logging.log4j.core.LoggerContext.reconfigure(LoggerContext.java:778)
at org.apache.logging.log4j.core.LoggerContext.reconfigure(LoggerContext.java:808)
at org.apache.logging.log4j.core.LoggerContext.start(LoggerContext.java:311)
at org.apache.logging.log4j.core.impl.Log4jContextFactory.getContext(Log4jContextFactory.java:264)
at org.apache.logging.log4j.core.impl.Log4jContextFactory.getContext(Log4jContextFactory.java:48)
at org.apache.logging.log4j.LogManager.getContext(LogManager.java:119)
at org.apache.logging.log4j.LogManager.getLogger(LogManager.java:624)
at com.myproject.testcases.BaseClass.setup(BaseClass.java:58)
at java.base/jdk.internal.reflect.DirectMethodHandleAccessor.invoke(DirectMethodHandleAccessor.java:103)
at java.base/java.lang.reflect.Method.invoke(Method.java:580)
at org.testng.internal.invokers.MethodInvocationHelper.invokeMethod(MethodInvocationHelper.java:141)
at org.testng.internal.invokers.MethodInvocationHelper.invokeMethodConsideringTimeout(MethodInvocationHelper.java:71)
at org.testng.internal.invokers.ConfigInvoker.invokeConfigurationMethod(ConfigInvoker.java:400)
at org.testng.internal.invokers.ConfigInvoker.invokeConfigurations(ConfigInvoker.java:333)
at org.testng.internal.invokers.TestMethodWorker.invokeBeforeClassMethods(TestMethodWorker.java:188)
at org.testng.internal.invokers.TestMethodWorker.run(TestMethodWorker.java:128)
at java.base/java.util.ArrayList.forEach(ArrayList.java:1596)
at org.testng.TestRunner.privateRun(TestRunner.java:741)
at org.testng.TestRunner.run(TestRunner.java:616)
at org.testng.SuiteRunner.runTest(SuiteRunner.java:421)
at org.testng.SuiteRunner.runSequentially(SuiteRunner.java:413)
at org.testng.SuiteRunner.privateRun(SuiteRunner.java:373)
at org.testng.SuiteRunner.run(SuiteRunner.java:312)
at org.testng.SuiteRunnerWorker.runSuite(SuiteRunnerWorker.java:52)
at org.testng.SuiteRunnerWorker.run(SuiteRunnerWorker.java:95)
at org.testng.TestNG.runSuitesSequentially(TestNG.java:1274)
at org.testng.TestNG.runSuitesLocally(TestNG.java:1208)
at org.testng.TestNG.runSuites(TestNG.java:1112)
at org.testng.TestNG.run(TestNG.java:1079)
at org.testng.remote.AbstractRemoteTestNG.run(AbstractRemoteTestNG.java:115)
at org.testng.remote.RemoteTestNG.initAndRun(RemoteTestNG.java:293)
at org.testng.remote.RemoteTestNG.main(RemoteTestNG.java:91)
]]>
    </error>
  </testcase> <!-- setup -->
</testsuite> <!-- com.myproject.testcases.TC_loginAccountTest -->
